d:\gitnext\cppwithimgui\imgui_application\myappimgui\myappimgui\x64\release\vc143.pdb
d:\gitnext\cppwithimgui\imgui_application\myappimgui\myappimgui\x64\release\binary_to_compressed_c.obj
d:\gitnext\cppwithimgui\imgui_application\myappimgui\myappimgui\x64\release\imgui_widgets.obj
d:\gitnext\cppwithimgui\imgui_application\myappimgui\myappimgui\x64\release\imgui_tables.obj
d:\gitnext\cppwithimgui\imgui_application\myappimgui\myappimgui\x64\release\imgui_draw.obj
d:\gitnext\cppwithimgui\imgui_application\myappimgui\myappimgui\x64\release\imgui_demo.obj
d:\gitnext\cppwithimgui\imgui_application\myappimgui\myappimgui\x64\release\imgui.obj
d:\gitnext\cppwithimgui\imgui_application\myappimgui\myappimgui\x64\release\imgui_impl_win32.obj
d:\gitnext\cppwithimgui\imgui_application\myappimgui\myappimgui\x64\release\imgui_impl_dx11.obj
d:\gitnext\cppwithimgui\imgui_application\myappimgui\myappimgui\x64\release\main.obj
d:\gitnext\cppwithimgui\imgui_application\myappimgui\myappimgui\x64\release\imgui_stdlib.obj
d:\gitnext\cppwithimgui\imgui_application\myappimgui\x64\release\myappimgui.exe
d:\gitnext\cppwithimgui\imgui_application\myappimgui\x64\release\myappimgui.pdb
d:\gitnext\cppwithimgui\imgui_application\myappimgui\myappimgui\x64\release\myappimgui.ipdb
d:\gitnext\cppwithimgui\imgui_application\myappimgui\myappimgui\x64\release\myappimgui.iobj
d:\gitnext\cppwithimgui\imgui_application\myappimgui\myappimgui\x64\release\imgui_impl_dx9.obj
d:\gitnext\cppwithimgui\imgui_application\myappimgui\myappimgui\x64\release\myappimgui.tlog\cl.command.1.tlog
d:\gitnext\cppwithimgui\imgui_application\myappimgui\myappimgui\x64\release\myappimgui.tlog\cl.items.tlog
d:\gitnext\cppwithimgui\imgui_application\myappimgui\myappimgui\x64\release\myappimgui.tlog\cl.read.1.tlog
d:\gitnext\cppwithimgui\imgui_application\myappimgui\myappimgui\x64\release\myappimgui.tlog\cl.write.1.tlog
d:\gitnext\cppwithimgui\imgui_application\myappimgui\myappimgui\x64\release\myappimgui.tlog\link.command.1.tlog
d:\gitnext\cppwithimgui\imgui_application\myappimgui\myappimgui\x64\release\myappimgui.tlog\link.read.1.tlog
d:\gitnext\cppwithimgui\imgui_application\myappimgui\myappimgui\x64\release\myappimgui.tlog\link.secondary.1.tlog
d:\gitnext\cppwithimgui\imgui_application\myappimgui\myappimgui\x64\release\myappimgui.tlog\link.write.1.tlog
d:\gitnext\cppwithimgui\imgui_application\myappimgui\myappimgui\x64\release\myappimgui.tlog\rc.command.1.tlog
