Build started 17.02.2025 16:55:17.
Logging verbosity is set to: Normal.     1>Project "D:\gitnext\CppWithImGUI\imgui_application\MyAppImGUI\MyAppImGUI.vcxproj" on node 2 (Build target(s)).
     1>PrepareForBuild:
         Structured output is enabled. The formatting of compiler diagnostics will reflect the error hierarchy. See https://aka.ms/cpp/structured-output for more details.
       InitializeBuildStatus:
         Touching "MyAppImGUI\x64\Debug\MyAppImGUI.tlog\unsuccessfulbuild".
       ClCompile:
         All outputs are up-to-date.
         All outputs are up-to-date.
       ResourceCompile:
         All outputs are up-to-date.
       Link:
         All outputs are up-to-date.
         MyAppImGUI.vcxproj -> D:\gitnext\CppWithImGUI\imgui_application\MyAppImGUI\x64\Debug\MyAppImGUI.exe
       FinalizeBuildStatus:
         Deleting file "MyAppImGUI\x64\Debug\MyAppImGUI.tlog\unsuccessfulbuild".
         Touching "MyAppImGUI\x64\Debug\MyAppImGUI.tlog\MyAppImGUI.lastbuildstate".
     1>Done Building Project "D:\gitnext\CppWithImGUI\imgui_application\MyAppImGUI\MyAppImGUI.vcxproj" (Build target(s)).

Project Performance Summary:
     1614 ms  D:\gitnext\CppWithImGUI\imgui_application\MyAppImGUI\MyAppImGUI.vcxproj   1 calls
               1614 ms  Build                                      1 calls

Target Performance Summary:
        0 ms  AfterResourceCompile                       1 calls
        0 ms  AfterLink                                  1 calls
        0 ms  PreLinkEvent                               1 calls
        0 ms  PrepareResourceNames                       1 calls
        0 ms  CreateCustomManifestResourceNames          1 calls
        0 ms  ComputeLinkInputsFromProject               1 calls
        0 ms  ComputeManifestGeneratedLinkerInputs       1 calls
        0 ms  ComputeRCGeneratedLinkInputs               1 calls
        0 ms  BeforeLink                                 1 calls
        0 ms  _Link                                      1 calls
        0 ms  BuildLinkTraverse                          1 calls
        0 ms  _BuildCompileAction                        1 calls
        0 ms  AfterBuildCompileEvent                     1 calls
        0 ms  _ResourceCompile                           1 calls
        0 ms  SelectResourceCompile                      1 calls
        0 ms  BeforeResourceCompile                      1 calls
        0 ms  _ClCompile                                 1 calls
        0 ms  AfterClCompile                             1 calls
        0 ms  SelectClCompile                            1 calls
        0 ms  BuildCompile                               1 calls
        0 ms  GetReferencedVCProjectsInfo                1 calls
        0 ms  _ALink                                     1 calls
        0 ms  ResolvedXDCMake                            1 calls
        0 ms  AfterBuild                                 1 calls
        0 ms  BuildLink                                  1 calls
        0 ms  _BuildLinkAction                           1 calls
        0 ms  PrepareForRun                              1 calls
        0 ms  _CheckForCompileOutputs                    1 calls
        0 ms  _CopySourceItemsToOutputDirectory          1 calls
        0 ms  _GetCopyToOutputDirectoryItemsFromThisProject   1 calls
        0 ms  _PopulateCommonStateForGetCopyToOutputDirectoryItems   1 calls
        0 ms  _Manifest                                  1 calls
        0 ms  _Deploy                                    1 calls
        0 ms  CreateSatelliteAssemblies                  1 calls
        0 ms  _GenerateSatelliteAssemblyInputs           1 calls
        0 ms  MakeDirsForFxc                             1 calls
        0 ms  SatelliteDllsProjectOutputGroup            1 calls
        0 ms  _BscMake                                   1 calls
        0 ms  MakeDirsForBscMake                         1 calls
        0 ms  _XdcMake                                   1 calls
        0 ms  MakeDirsForXdcMake                         1 calls
        0 ms  _Appverifier                               1 calls
        0 ms  BeforeClCompile                            1 calls
        0 ms  Build                                      1 calls
        0 ms  BuildGenerateSources                       1 calls
        0 ms  AfterResolveReferences                     1 calls
        0 ms  BuildGenerateSourcesTraverse               1 calls
        0 ms  ExpandSDKReferences                        1 calls
        0 ms  ResolveSDKReferences                       1 calls
        0 ms  BeforeBuildGenerateSources                 1 calls
        0 ms  _SelectedFiles                             1 calls
        0 ms  SelectCustomBuild                          1 calls
        0 ms  ComputeCustomBuildOutput                   1 calls
        0 ms  ResolveReferences                          1 calls
        0 ms  GetFrameworkPaths                          1 calls
        0 ms  ComputeMIDLGeneratedCompileInputs          1 calls
        0 ms  AfterMidl                                  1 calls
        0 ms  _Xsd                                       1 calls
        0 ms  IgnoreJavaScriptOutputAssembly             1 calls
        0 ms  _BuildGenerateSourcesAction                1 calls
        0 ms  BeforeResolveReferences                    1 calls
        0 ms  _Midl                                      1 calls
        0 ms  _AddOutputPathToGlobalPropertiesToRemove   1 calls
        0 ms  PrepareProjectReferences                   1 calls
        0 ms  BuildCompileTraverse                       1 calls
        0 ms  AfterBuildGenerateSourcesEvent             1 calls
        0 ms  AfterBuildGenerateSources                  1 calls
        1 ms  ComputeRCOutputs                           1 calls
        1 ms  CopyFilesToOutputDirectory                 1 calls
        1 ms  ComputeManifestInputsTargets               1 calls
        1 ms  ResolveAssemblyReferences                  1 calls
        1 ms  DoLinkOutputFilesMatch                     1 calls
        1 ms  SetBuildDefaultEnvironmentVariables        1 calls
        1 ms  ComputeCLInputPDBName                      1 calls
        1 ms  ComputeCLCompileGeneratedXDCFiles          1 calls
        1 ms  SetCABuildNativeEnvironmentVariables       1 calls
        1 ms  GetResolvedWinMD                           1 calls
        1 ms  MakeDirsForResourceCompile                 1 calls
        1 ms  ResolveProjectReferences                   1 calls
        1 ms  ComputeCLCompileGeneratedSbrFiles          1 calls
        1 ms  PreBuildEvent                              1 calls
        1 ms  _CheckWindowsSDKInstalled                  1 calls
        1 ms  GetReferenceAssemblyPaths                  1 calls
        1 ms  FindReferenceAssembliesForReferences       1 calls
        1 ms  ComputeLinkSwitches                        1 calls
        1 ms  PostBuildEvent                             1 calls
        1 ms  GetCopyToOutputDirectoryXamlAppDefs        1 calls
        2 ms  CopyFileToFolders                          1 calls
        2 ms  _GetCopyToOutputDirectoryItemsFromTransitiveProjectReferences   1 calls
        2 ms  ComputeReferenceCLInput                    1 calls
        2 ms  BuiltProjectOutputGroup                    1 calls
        2 ms  ComputeLegacyManifestEmbedding             1 calls
        3 ms  FinalizeBuildStatus                        1 calls
        3 ms  MakeDirsForLink                            1 calls
        3 ms  ContentFilesProjectOutputGroup             1 calls
        6 ms  IncrementalClean                           1 calls
        7 ms  ComputeStdModulesCompileInputs             1 calls
        8 ms  ComputeCLGeneratedLinkInputs               1 calls
        8 ms  AddExternalIncludDirectoriesToPaths        1 calls
        8 ms  MakeDirsForMidl                            1 calls
        8 ms  SplitResourcesByCulture                    1 calls
        9 ms  _PrepareForReferenceResolution             1 calls
       11 ms  _CleanGetCurrentAndPriorFileWrites         1 calls
       11 ms  TlogCleanup                                1 calls
       16 ms  MakeDirsForCl                              1 calls
       18 ms  ComputeCLOutputs                           1 calls
       22 ms  WarnCompileDuplicatedFilename              1 calls
       23 ms  _SplitProjectReferencesByFileExistence     1 calls
       23 ms  FixupCLCompileOptions                      1 calls
       26 ms  SetTelemetryEnvironmentVariables           1 calls
       30 ms  AssignTargetPaths                          1 calls
       34 ms  ResourceCompile                            1 calls
       36 ms  CustomBuild                                1 calls
       41 ms  AssignProjectConfiguration                 1 calls
       45 ms  GetCopyToOutputDirectoryItems              1 calls
       45 ms  _PrepareForBuild                           1 calls
       48 ms  InitializeBuildStatus                      1 calls
       79 ms  PrepareForBuild                            1 calls
       88 ms  Link                                       1 calls
      104 ms  CreateRecipeFile                           1 calls
      108 ms  _GetProjectReferenceTargetFrameworkProperties   1 calls
      240 ms  _CheckForInvalidConfigurationAndPlatform   1 calls
      357 ms  ClCompile                                  1 calls

Build succeeded.
    0 Warning(s)
    0 Error(s)

Time Elapsed 00:00:01.59
