d:\gitnext\cppwithimgui\myappimgui\myappimgui\x64\debug\vc143.pdb
d:\gitnext\cppwithimgui\myappimgui\myappimgui\x64\debug\vc143.idb
d:\gitnext\cppwithimgui\myappimgui\myappimgui\x64\debug\binary_to_compressed_c.obj
d:\gitnext\cppwithimgui\myappimgui\myappimgui\x64\debug\imgui_stdlib.obj
d:\gitnext\cppwithimgui\myappimgui\myappimgui\x64\debug\imgui_widgets.obj
d:\gitnext\cppwithimgui\myappimgui\myappimgui\x64\debug\imgui_tables.obj
d:\gitnext\cppwithimgui\myappimgui\myappimgui\x64\debug\imgui_draw.obj
d:\gitnext\cppwithimgui\myappimgui\myappimgui\x64\debug\imgui_demo.obj
d:\gitnext\cppwithimgui\myappimgui\myappimgui\x64\debug\imgui.obj
d:\gitnext\cppwithimgui\myappimgui\myappimgui\x64\debug\imgui_impl_win32.obj
d:\gitnext\cppwithimgui\myappimgui\myappimgui\x64\debug\imgui_impl_dx9.obj
d:\gitnext\cppwithimgui\myappimgui\myappimgui\x64\debug\imgui_impl_dx11.obj
d:\gitnext\cppwithimgui\myappimgui\myappimgui\x64\debug\imgui_impl_opengl3.obj
d:\gitnext\cppwithimgui\myappimgui\myappimgui\x64\debug\imgui_impl_opengl2.obj
d:\gitnext\cppwithimgui\myappimgui\myappimgui\x64\debug\imgui_impl_dx12.obj
d:\gitnext\cppwithimgui\myappimgui\myappimgui\x64\debug\imgui_impl_dx10.obj
d:\gitnext\cppwithimgui\myappimgui\myappimgui\x64\debug\main.obj
d:\gitnext\cppwithimgui\myappimgui\x64\debug\myappimgui.pdb
d:\gitnext\cppwithimgui\myappimgui\myappimgui\x64\debug\myappimgui.tlog\cl.command.1.tlog
d:\gitnext\cppwithimgui\myappimgui\myappimgui\x64\debug\myappimgui.tlog\cl.read.1.tlog
d:\gitnext\cppwithimgui\myappimgui\myappimgui\x64\debug\myappimgui.tlog\cl.write.1.tlog
d:\gitnext\cppwithimgui\myappimgui\myappimgui\x64\debug\myappimgui.tlog\link-cvtres.read.1.tlog
d:\gitnext\cppwithimgui\myappimgui\myappimgui\x64\debug\myappimgui.tlog\link-cvtres.write.1.tlog
d:\gitnext\cppwithimgui\myappimgui\myappimgui\x64\debug\myappimgui.tlog\link-rc.read.1.tlog
d:\gitnext\cppwithimgui\myappimgui\myappimgui\x64\debug\myappimgui.tlog\link-rc.write.1.tlog
d:\gitnext\cppwithimgui\myappimgui\myappimgui\x64\debug\myappimgui.tlog\link.command.1.tlog
d:\gitnext\cppwithimgui\myappimgui\myappimgui\x64\debug\myappimgui.tlog\link.read.1.tlog
d:\gitnext\cppwithimgui\myappimgui\myappimgui\x64\debug\myappimgui.tlog\link.read.2.tlog
d:\gitnext\cppwithimgui\myappimgui\myappimgui\x64\debug\myappimgui.tlog\link.write.1.tlog
